"************Logs for uploading files*****************"
"upload"
"tab_1_1.jpg"
"************Logs for uploading files*****************"
"upload"
"tab_3_2.jpg"
"************Logs for uploading files*****************"
"upload"
"showcase_logo.png"
"************Logs for uploading files*****************"
"upload"
"showcase_logo.png"
"************Logs for uploading files*****************"
"upload"
"customfiles.zip"
"false"
".\/client\/units\/customfiles"
[".","..","customfiles"]
"."
".."
"customfiles"
"************Logs for uploading files*****************"
"upload"
"creative.js"
"************Logs for uploading files*****************"
"upload"
"mazda.zip"
"false"
".\/client\/units\/mazda"
[".","..","desktop expandable","desktop inframe"]
"."
".."
"desktop expandable"
"desktop inframe"
"************Logs for uploading files*****************"
"upload"
"mazda.zip"
"false"
"folder allready there. ask for replace"
"************Logs for uploading files*****************"
"upload"
"mazda.zip"
"false"
"folder allready there. ask for replace"
"************Logs for uploading files*****************"
"upload"
"mazda.zip"
"false"
"folder allready there. ask for replace"
"************Logs for uploading files*****************"
"upload"
"mazda.zip"
"false"
"folder allready there. ask for replace"
"************Logs for uploading files*****************"
"upload"
"mazda.zip"
"false"
".\/client\/units\/mazda"
[".","..","desktop expandable","desktop inframe"]
"."
".."
"desktop expandable"
"desktop inframe"
"************Logs for uploading files*****************"
"upload"
"mazda.zip"
"false"
".\/client\/units\/mazda"
[".","..","desktop expandable","desktop inframe"]
"."
".."
"desktop expandable"
"desktop inframe"
"************Logs for uploading files*****************"
"upload"
"mazda.zip"
"false"
".\/client\/units\/mazda"
[".","..","desktop expandable","desktop inframe"]
"."
".."
"desktop expandable"
"desktop inframe"
"************Logs for uploading files*****************"
"upload"
"mazda.zip"
"false"
".\/client\/units\/mazda"
[".","..","desktop expandable","desktop inframe"]
"."
".."
"desktop expandable"
"desktop inframe"
"************Logs for uploading files*****************"
"upload"
"mazda.zip"
"false"
".\/client\/units\/mazda"
[".","..","desktop expandable","desktop inframe"]
"."
".."
"desktop expandable"
"desktop inframe"
"************Logs for uploading files*****************"
"upload"
"mazda.zip"
"false"
".\/client\/units\/mazda"
[".","..","desktop expandable","desktop inframe"]
"."
".."
"desktop expandable"
"desktop inframe"
"************Logs for uploading files*****************"
"upload"
"mazda.zip"
"false"
".\/client\/units\/mazda"
[".","..","desktop expandable","desktop inframe"]
"."
".."
"desktop expandable"
"desktop inframe"
"************Logs for uploading files*****************"
"upload"
"mazda.zip"
"false"
".\/client\/units\/mazda"
[".","..","desktop expandable","desktop inframe"]
"."
".."
"desktop expandable"
"desktop inframe"
"************Logs for uploading files*****************"
"upload"
"tab_2_1.jpg"
"************Logs for uploading files*****************"
"upload"
"mazda.zip"
"false"
".\/client\/units\/mazda"
[".","..","desktop expandable","desktop inframe"]
"."
".."
"desktop expandable"
"desktop inframe"
"************Logs for uploading files*****************"
"upload"
"mazda.zip"
"false"
"folder allready there. ask for replace"
"************Logs for uploading files*****************"
"upload"
"mazda.zip"
"false"
"folder allready there. ask for replace"
"************Logs for uploading files*****************"
"upload"
"mazda.zip"
"true"
".\/client\/units\/mazda"
[".","..","desktop expandable","desktop inframe"]
"."
".."
"desktop expandable"
"desktop inframe"
"************Logs for uploading files*****************"
"upload"
"mazda.zip"
"false"
"folder allready there. ask for replace"
"************Logs for uploading files*****************"
"upload"
"mazda.zip"
"true"
".\/client\/units\/mazda"
[".","..","desktop expandable","desktop inframe"]
"."
".."
"desktop expandable"
"desktop inframe"
"************Logs for uploading files*****************"
"upload"
"mazda.zip"
"false"
"folder allready there. ask for replace"
"************Logs for uploading files*****************"
"upload"
"mazda.zip"
"false"
"folder allready there. ask for replace"
"************Logs for uploading files*****************"
"upload"
"mazda.zip"
"false"
"folder allready there. ask for replace"
"************Logs for uploading files*****************"
"upload"
"mazda.zip"
"false"
"folder allready there. ask for replace"
"************Logs for uploading files*****************"
"upload"
"mazda.zip"
"true"
".\/client\/units\/mazda"
[".","..","desktop expandable","desktop inframe"]
"."
".."
"desktop expandable"
"desktop inframe"
"************Logs for uploading files*****************"
"upload"
"mazda.zip"
"false"
"folder allready there. ask for replace"
"************Logs for uploading files*****************"
"upload"
"mazda.zip"
"true"
".\/client\/units\/mazda"
[".","..","desktop expandable","desktop inframe"]
"."
".."
"desktop expandable"
"desktop inframe"
"************Logs for uploading files*****************"
"upload"
"mazda.zip"
"false"
"folder allready there. ask for replace"
"************Logs for uploading files*****************"
"upload"
"mazda.zip"
"true"
".\/client\/units\/mazda"
[".","..","desktop expandable","desktop inframe"]
"."
".."
"desktop expandable"
"desktop inframe"
"************Logs for uploading files*****************"
"upload"
"mazda.zip"
"false"
"folder allready there. ask for replace"
"************Logs for uploading files*****************"
"upload"
"mazda.zip"
"true"
".\/client\/units\/mazda"
[".","..","desktop expandable","desktop inframe"]
"."
".."
"desktop expandable"
"desktop inframe"
"************Logs for uploading files*****************"
"upload"
"mazda.zip"
"false"
"folder allready there. ask for replace"
"************Logs for uploading files*****************"
"upload"
"mazda.zip"
"true"
".\/client\/units\/mazda"
[".","..","desktop expandable","desktop inframe"]
"."
".."
"desktop expandable"
"desktop inframe"
"************Logs for uploading files*****************"
"upload"
"mazda.zip"
"false"
"folder allready there. ask for replace"
"************Logs for uploading files*****************"
"upload"
"mazda.zip"
"false"
"folder allready there. ask for replace"
"************Logs for uploading files*****************"
"upload"
"mazda.zip"
"true"
".\/client\/units\/mazda"
[".","..","desktop expandable","desktop inframe"]
"."
".."
"desktop expandable"
"desktop inframe"
"************Logs for uploading files*****************"
"upload"
"mazda.zip"
"false"
"folder allready there. ask for replace"
"************Logs for uploading files*****************"
"upload"
"mazda.zip"
"false"
"folder allready there. ask for replace"
"************Logs for uploading files*****************"
"upload"
"mazda.zip"
"true"
".\/client\/units\/mazda"
[".","..","desktop expandable","desktop inframe"]
"."
".."
"desktop expandable"
"desktop inframe"
"************Logs for uploading files*****************"
"upload"
"mazda.zip"
"false"
"folder allready there. ask for replace"
"************Logs for uploading files*****************"
"upload"
"mazda.zip"
"true"
".\/client\/units\/mazda"
[".","..","desktop expandable","desktop inframe"]
"."
".."
"desktop expandable"
"desktop inframe"
"************Logs for uploading files*****************"
"upload"
"mazda.zip"
"false"
".\/client\/units\/mazda"
[".","..","desktop expandable","desktop inframe"]
"."
".."
"desktop expandable"
"desktop inframe"
"************Logs for uploading files*****************"
"upload"
"mazda.zip"
"false"
"folder allready there. ask for replace"
"************Logs for uploading files*****************"
"upload"
"mazda.zip"
"true"
".\/client\/units\/mazda"
[".","..","desktop expandable","desktop inframe"]
"."
".."
"desktop expandable"
"desktop inframe"
"************Logs for uploading files*****************"
"upload"
"mazda.zip"
"false"
"folder allready there. ask for replace"
"************Logs for uploading files*****************"
"upload"
"mazda.zip"
"true"
".\/client\/units\/mazda"
[".","..","desktop expandable","desktop inframe"]
"."
".."
"desktop expandable"
"desktop inframe"
"************Logs for uploading files*****************"
"upload"
"mazda.zip"
"false"
"folder allready there. ask for replace"
"************Logs for uploading files*****************"
"upload"
"mazda.zip"
"true"
".\/client\/units\/mazda"
[".","..","desktop expandable","desktop inframe"]
"."
".."
"desktop expandable"
"desktop inframe"
"************Logs for uploading files*****************"
"upload"
"mazda.zip"
"false"
"folder allready there. ask for replace"
"************Logs for uploading files*****************"
"upload"
"mazda.zip"
"true"
".\/client\/units\/mazda"
[".","..","desktop expandable","desktop inframe"]
"."
".."
"desktop expandable"
"desktop inframe"
"************Logs for uploading files*****************"
"upload"
"mazda.zip"
"false"
"folder allready there. ask for replace"
"************Logs for uploading files*****************"
"upload"
"mazda.zip"
"true"
".\/client\/units\/mazda"
[".","..","desktop expandable","desktop inframe"]
"."
".."
"desktop expandable"
"desktop inframe"
"************Logs for uploading files*****************"
"upload"
"mazda.zip"
"false"
"folder allready there. ask for replace"
"************Logs for uploading files*****************"
"upload"
"mazda.zip"
"true"
".\/client\/units\/mazda"
[".","..","desktop expandable","desktop inframe"]
"."
".."
"desktop expandable"
"desktop inframe"
"************Logs for uploading files*****************"
"upload"
"mazda.zip"
"false"
"folder allready there. ask for replace"
"************Logs for uploading files*****************"
"upload"
"mazda.zip"
"true"
".\/client\/units\/mazda"
[".","..","desktop expandable","desktop inframe"]
"."
".."
"desktop expandable"
"desktop inframe"
"************Logs for uploading files*****************"
"upload"
"mazda.zip"
"false"
"folder allready there. ask for replace"
"************Logs for uploading files*****************"
"upload"
"mazda.zip"
"true"
".\/client\/units\/mazda"
[".","..","desktop expandable","desktop inframe"]
"."
".."
"desktop expandable"
"desktop inframe"
"************Logs for uploading files*****************"
"upload"
"mazda.zip"
"false"
"folder allready there. ask for replace"
"************Logs for uploading files*****************"
"upload"
"mazda.zip"
"true"
".\/client\/units\/mazda"
[".","..","desktop expandable","desktop inframe"]
"."
".."
"desktop expandable"
"desktop inframe"
"************Logs for uploading files*****************"
"upload"
"mazda.zip"
"false"
"folder allready there. ask for replace"
"************Logs for uploading files*****************"
"upload"
"mazda.zip"
"true"
".\/client\/units\/mazda"
[".","..","desktop expandable","desktop inframe"]
"."
".."
"desktop expandable"
"desktop inframe"
"************Logs for uploading files*****************"
"upload"
"mazda.zip"
"false"
"folder allready there. ask for replace"
"************Logs for uploading files*****************"
"upload"
"mazda.zip"
"true"
".\/client\/units\/mazda"
[".","..","desktop expandable","desktop inframe"]
"."
".."
"desktop expandable"
"desktop inframe"
"************Logs for uploading files*****************"
"upload"
"mazda.zip"
"false"
"folder allready there. ask for replace"
"************Logs for uploading files*****************"
"upload"
"mazda.zip"
"true"
".\/client\/units\/mazda"
[".","..","desktop expandable","desktop inframe"]
"."
".."
"desktop expandable"
"desktop inframe"
"************Logs for uploading files*****************"
"upload"
"mazda.zip"
"false"
"folder allready there. ask for replace"
"************Logs for uploading files*****************"
"upload"
"mazda.zip"
"true"
".\/client\/units\/mazda"
[".","..","desktop expandable","desktop inframe"]
"."
".."
"desktop expandable"
"desktop inframe"
"************Logs for uploading files*****************"
"upload"
"mazda.zip"
"false"
".\/client\/units\/mazda"
[".","..","desktop expandable","desktop inframe"]
"."
".."
"desktop expandable"
"desktop inframe"
"************Logs for uploading files*****************"
"upload"
"mazda.zip"
"false"
".\/client\/units\/mazda"
[".","..","desktop expandable","desktop inframe"]
"."
".."
"desktop expandable"
"desktop inframe"
"************Logs for uploading files*****************"
"upload"
"mazda.zip"
"false"
".\/client\/units\/mazda"
[".","..","desktop expandable","desktop inframe"]
"."
".."
"desktop expandable"
"desktop inframe"
"************Logs for uploading files*****************"
"upload"
"mazda.zip"
"false"
"folder allready there. ask for replace"
"************Logs for uploading files*****************"
"upload"
"mazda.zip"
"false"
"folder allready there. ask for replace"
"************Logs for uploading files*****************"
"upload"
"mazda.zip"
"false"
"folder allready there. ask for replace"
"************Logs for uploading files*****************"
"upload"
"mazda.zip"
"true"
".\/client\/units\/mazda"
[".","..","desktop expandable","desktop inframe"]
"."
".."
"desktop expandable"
"desktop inframe"
"************Logs for uploading files*****************"
"upload"
"mazda.zip"
"false"
"folder allready there. ask for replace"
"************Logs for uploading files*****************"
"upload"
"mazda.zip"
"true"
".\/client\/units\/mazda"
[".","..","desktop expandable","desktop inframe"]
"."
".."
"desktop expandable"
"desktop inframe"
"************Logs for uploading files*****************"
"upload"
"mazda.zip"
"false"
"folder allready there. ask for replace"
"************Logs for uploading files*****************"
"upload"
"mazda.zip"
"true"
".\/client\/units\/mazda"
[".","..","desktop expandable","desktop inframe"]
"."
".."
"desktop expandable"
"desktop inframe"
"************Logs for uploading files*****************"
"upload"
"mazda.zip"
"false"
"folder allready there. ask for replace"
"************Logs for uploading files*****************"
"upload"
"mazda.zip"
"true"
".\/client\/units\/mazda"
[".","..","desktop expandable","desktop inframe"]
"."
".."
"desktop expandable"
"desktop inframe"
"************Logs for uploading files*****************"
"upload"
"mazda.zip"
"false"
"folder allready there. ask for replace"
"************Logs for uploading files*****************"
"upload"
"mazda.zip"
"true"
".\/client\/units\/mazda"
[".","..","desktop expandable","desktop inframe"]
"."
".."
"desktop expandable"
"desktop inframe"
"************Logs for uploading files*****************"
"upload"
"mazda.zip"
"false"
"folder allready there. ask for replace"
"************Logs for uploading files*****************"
"upload"
"mazda.zip"
"true"
".\/client\/units\/mazda"
[".","..","desktop expandable","desktop inframe"]
"."
".."
"desktop expandable"
"desktop inframe"
"************Logs for uploading files*****************"
"upload"
"mazda.zip"
"false"
"folder allready there. ask for replace"
"************Logs for uploading files*****************"
"upload"
"mazda.zip"
"true"
".\/client\/units\/mazda"
[".","..","desktop expandable","desktop inframe"]
"."
".."
"desktop expandable"
"desktop inframe"
"************Logs for uploading files*****************"
"upload"
"mazda.zip"
"false"
"folder allready there. ask for replace"
"************Logs for uploading files*****************"
"upload"
"mazda.zip"
"true"
".\/client\/units\/mazda"
[".","..","desktop expandable","desktop inframe"]
"."
".."
"desktop expandable"
"desktop inframe"
"************Logs for uploading files*****************"
"upload"
"mazda.zip"
"false"
"folder allready there. ask for replace"
"************Logs for uploading files*****************"
"upload"
"mazda.zip"
"true"
".\/client\/units\/mazda"
[".","..","desktop expandable","desktop inframe"]
"."
".."
"desktop expandable"
"desktop inframe"
"************Logs for uploading files*****************"
"upload"
"mazda.zip"
"false"
"folder allready there. ask for replace"
"************Logs for uploading files*****************"
"upload"
"mazda.zip"
"true"
".\/client\/units\/mazda"
[".","..","desktop expandable","desktop inframe"]
"."
".."
"desktop expandable"
"desktop inframe"
"************Logs for uploading files*****************"
"upload"
"mazda.zip"
"false"
"folder allready there. ask for replace"
"************Logs for uploading files*****************"
"upload"
"mazda.zip"
"true"
".\/client\/units\/mazda"
[".","..","desktop expandable","desktop inframe"]
"."
".."
"desktop expandable"
"desktop inframe"
"************Logs for uploading files*****************"
"upload"
"mazda.zip"
"false"
"folder allready there. ask for replace"
"************Logs for uploading files*****************"
"upload"
"mazda.zip"
"true"
".\/client\/units\/mazda"
[".","..","desktop expandable","desktop inframe"]
"."
".."
"desktop expandable"
"desktop inframe"
"************Logs for uploading files*****************"
"upload"
"mazda.zip"
"false"
"folder allready there. ask for replace"
"************Logs for uploading files*****************"
"upload"
"mazda.zip"
"true"
".\/client\/units\/mazda"
[".","..","desktop expandable","desktop inframe"]
"."
".."
"desktop expandable"
"desktop inframe"
"************Logs for uploading files*****************"
"upload"
"mazda.zip"
"false"
"folder allready there. ask for replace"
"************Logs for uploading files*****************"
"upload"
"mazda.zip"
"true"
".\/client\/units\/mazda"
[".","..","desktop expandable","desktop inframe"]
"."
".."
"desktop expandable"
"desktop inframe"
"************Logs for uploading files*****************"
"upload"
"mazda.zip"
"false"
"folder allready there. ask for replace"
"************Logs for uploading files*****************"
"upload"
"mazda.zip"
"true"
".\/client\/units\/mazda"
[".","..","desktop expandable","desktop inframe"]
"."
".."
"desktop expandable"
"desktop inframe"
"************Logs for uploading files*****************"
"upload"
"mazda.zip"
"false"
"folder allready there. ask for replace"
"************Logs for uploading files*****************"
"upload"
"mazda.zip"
"true"
".\/client\/units\/mazda"
[".","..","desktop expandable","desktop inframe"]
"."
".."
"desktop expandable"
"desktop inframe"
"************Logs for uploading files*****************"
"upload"
"mazda.zip"
"false"
"folder allready there. ask for replace"
"************Logs for uploading files*****************"
"upload"
"mazda.zip"
"true"
".\/client\/units\/mazda"
[".","..","desktop expandable","desktop inframe"]
"."
".."
"desktop expandable"
"desktop inframe"
"************Logs for uploading files*****************"
"upload"
"mazda.zip"
"false"
"folder allready there. ask for replace"
"************Logs for uploading files*****************"
"upload"
"mazda.zip"
"true"
".\/client\/units\/mazda"
[".","..","desktop expandable","desktop inframe"]
"."
".."
"desktop expandable"
"desktop inframe"
"************Logs for uploading files*****************"
"upload"
"mazda.zip"
"false"
"folder allready there. ask for replace"
"************Logs for uploading files*****************"
"upload"
"mazda.zip"
"true"
".\/client\/units\/mazda"
[".","..","desktop expandable","desktop inframe"]
"."
".."
"desktop expandable"
"desktop inframe"
"************Logs for uploading files*****************"
"upload"
"mazda.zip"
"false"
"folder allready there. ask for replace"
"************Logs for uploading files*****************"
"upload"
"mazda.zip"
"true"
".\/client\/units\/mazda"
[".","..","desktop expandable","desktop inframe"]
"."
".."
"desktop expandable"
"desktop inframe"
"************Logs for uploading files*****************"
"upload"
"mazda.zip"
"false"
"folder allready there. ask for replace"
"************Logs for uploading files*****************"
"upload"
"mazda.zip"
"true"
".\/client\/units\/mazda"
[".","..","desktop expandable","desktop inframe"]
"."
".."
"desktop expandable"
"desktop inframe"
"************Logs for uploading files*****************"
"upload"
"mazda.zip"
"false"
"folder allready there. ask for replace"
"************Logs for uploading files*****************"
"upload"
"mazda.zip"
"true"
".\/client\/units\/mazda"
[".","..","desktop expandable","desktop inframe"]
"."
".."
"desktop expandable"
"desktop inframe"
"************Logs for uploading files*****************"
"upload"
"mazda.zip"
"false"
"folder allready there. ask for replace"
"************Logs for uploading files*****************"
"upload"
"mazda.zip"
"true"
".\/client\/units\/mazda"
[".","..","desktop expandable","desktop inframe"]
"."
".."
"desktop expandable"
"desktop inframe"
"************Logs for uploading files*****************"
"upload"
"mazda.zip"
"false"
"folder allready there. ask for replace"
"************Logs for uploading files*****************"
"upload"
"mazda.zip"
"true"
".\/client\/units\/mazda"
[".","..","desktop expandable","desktop inframe"]
"."
".."
"desktop expandable"
"desktop inframe"
"************Logs for uploading files*****************"
"upload"
"mazda.zip"
"false"
"folder allready there. ask for replace"
"************Logs for uploading files*****************"
"upload"
"mazda.zip"
"true"
".\/client\/units\/mazda"
[".","..","desktop expandable","desktop inframe"]
"."
".."
"desktop expandable"
"desktop inframe"
"************Logs for uploading files*****************"
"upload"
"mazda.zip"
"false"
"folder allready there. ask for replace"
"************Logs for uploading files*****************"
"upload"
"mazda.zip"
"true"
".\/client\/units\/mazda"
[".","..","desktop expandable","desktop inframe"]
"."
".."
"desktop expandable"
"desktop inframe"
"************Logs for uploading files*****************"
"upload"
"mazda.zip"
"false"
"folder allready there. ask for replace"
"************Logs for uploading files*****************"
"upload"
"mazda.zip"
"true"
".\/client\/units\/mazda"
[".","..","desktop expandable","desktop inframe"]
"."
".."
"desktop expandable"
"desktop inframe"
"************Logs for uploading files*****************"
"upload"
"mazda.zip"
"false"
".\/client\/units\/mazda"
[".","..","desktop expandable","desktop inframe"]
"."
".."
"desktop expandable"
"desktop inframe"
"************Logs for uploading files*****************"
"upload"
"mazda.zip"
"false"
".\/client\/units\/mazda"
[".","..","desktop expandable","desktop inframe"]
"."
".."
"desktop expandable"
"desktop inframe"
"************Logs for uploading files*****************"
"upload"
"mazda.zip"
"false"
"folder allready there. ask for replace"
"************Logs for uploading files*****************"
"upload"
"mazda.zip"
"true"
".\/client\/units\/mazda"
[".","..","desktop expandable","desktop inframe"]
"."
".."
"desktop expandable"
"desktop inframe"
"************Logs for uploading files*****************"
"upload"
"mazda.zip"
"false"
"folder allready there. ask for replace"
"************Logs for uploading files*****************"
"upload"
"mazda.zip"
"true"
".\/client\/units\/mazda"
[".","..","desktop expandable","desktop inframe"]
"."
".."
"desktop expandable"
"desktop inframe"
"************Logs for uploading files*****************"
"upload"
"mazda.zip"
"false"
".\/client\/units\/mazda"
[".","..","desktop expandable","desktop inframe"]
"."
".."
"desktop expandable"
"desktop inframe"
"************Logs for uploading files*****************"
"upload"
"mazda.zip"
"false"
".\/client\/units\/mazda"
[".","..","desktop expandable","desktop inframe"]
"."
".."
"desktop expandable"
"desktop inframe"
